<?xml version="1.0" encoding="UTF-8"?>
<testng-results ignored="0" total="2" passed="0" failed="2" skipped="0">
  <reporter-output>
  </reporter-output>
  <suite started-at="2021-08-08T09:29:31 UTC" name="Surefire suite" finished-at="2021-08-08T09:29:34 UTC" duration-ms="2873">
    <groups>
      <group name="cucumber">
        <method signature="AbstractTestNGCucumberTests.runScenario(io.cucumber.testng.PickleWrapper, io.cucumber.testng.FeatureWrapper)[pri:0, instance:runner.TestRunner@55141def]" name="runScenario" class="io.cucumber.testng.AbstractTestNGCucumberTests"/>
      </group> <!-- cucumber -->
    </groups>
    <test started-at="2021-08-08T09:29:31 UTC" name="Surefire test" finished-at="2021-08-08T09:29:34 UTC" duration-ms="2873">
      <class name="runner.TestRunner">
        <test-method is-config="true" signature="setUpClass()[pri:0, instance:runner.TestRunner@55141def]" started-at="2021-08-08T09:29:31 UTC" name="setUpClass" finished-at="2021-08-08T09:29:31 UTC" duration-ms="386" status="PASS">
          <reporter-output>
          </reporter-output>
        </test-method> <!-- setUpClass -->
        <test-method signature="runScenario(io.cucumber.testng.PickleWrapper, io.cucumber.testng.FeatureWrapper)[pri:0, instance:runner.TestRunner@55141def]" started-at="2021-08-08T09:29:31 UTC" name="runScenario" description="Runs Cucumber Scenarios" data-provider="scenarios" finished-at="2021-08-08T09:29:32 UTC" duration-ms="230" status="FAIL">
          <params>
            <param index="0">
              <value>
                <![CDATA["Login with correct username and password"]]>
              </value>
            </param>
            <param index="1">
              <value>
                <![CDATA["Optional[LoginFeature]"]]>
              </value>
            </param>
          </params>
          <exception class="java.lang.NullPointerException">
            <full-stacktrace>
              <![CDATA[java.lang.NullPointerException
at steps.Hook.InitializeTest(Hook.java:34)
]]>
            </full-stacktrace>
          </exception> <!-- java.lang.NullPointerException -->
          <reporter-output>
          </reporter-output>
        </test-method> <!-- runScenario -->
        <test-method signature="runScenario(io.cucumber.testng.PickleWrapper, io.cucumber.testng.FeatureWrapper)[pri:0, instance:runner.TestRunner@55141def]" started-at="2021-08-08T09:29:32 UTC" name="runScenario" description="Runs Cucumber Scenarios" data-provider="scenarios" finished-at="2021-08-08T09:29:32 UTC" duration-ms="29" status="FAIL">
          <params>
            <param index="0">
              <value>
                <![CDATA["Login with correct username and password to fail"]]>
              </value>
            </param>
            <param index="1">
              <value>
                <![CDATA["Optional[LoginFeature]"]]>
              </value>
            </param>
          </params>
          <exception class="java.lang.NullPointerException">
            <full-stacktrace>
              <![CDATA[java.lang.NullPointerException
at steps.Hook.InitializeTest(Hook.java:34)
]]>
            </full-stacktrace>
          </exception> <!-- java.lang.NullPointerException -->
          <reporter-output>
          </reporter-output>
        </test-method> <!-- runScenario -->
        <test-method is-config="true" signature="tearDownClass()[pri:0, instance:runner.TestRunner@55141def]" started-at="2021-08-08T09:29:32 UTC" name="tearDownClass" finished-at="2021-08-08T09:29:34 UTC" duration-ms="2193" status="PASS">
          <reporter-output>
          </reporter-output>
        </test-method> <!-- tearDownClass -->
      </class> <!-- runner.TestRunner -->
    </test> <!-- Surefire test -->
  </suite> <!-- Surefire suite -->
</testng-results>
