<?xml version="1.0" encoding="UTF-8"?>
<testsuite xmlns:xsi="http://www.w3.org/2001/XMLSchema-instance" xsi:schemaLocation="https://maven.apache.org/surefire/maven-surefire-plugin/xsd/surefire-test-report.xsd" name="runner.TestRunner" time="3.17" tests="2" errors="0" skipped="0" failures="2">
  <properties>
[...]
</properties>
  <testcase name="runScenario" classname="runner.TestRunner" time="0.234">
    <failure type="java.lang.NullPointerException">java.lang.NullPointerException
</failure>
    <system-out><![CDATA[
Scenario: Login with correct username and password &amp#27;[90m# src/test/java/features/Login.feature:4&amp#27;[0m
      &amp#27;[31mjava.lang.NullPointerException
	at steps.Hook.InitializeTest(Hook.java:34)
&amp#27;[0m
  &amp#27;[36mGiven &amp#27;[0m&amp#27;[36mI navigate to the login page&amp#27;[0m               &amp#27;[90m# steps.LoginStep.iNavigateToTheLoginPage()&amp#27;[0m
  &amp#27;[36mAnd &amp#27;[0m&amp#27;[36mI enter the following for Login&amp#27;[0m              &amp#27;[90m# steps.LoginStep.iEnterTheFollowingForLogin(java.util.List<steps.LoginStep$User>)&amp#27;[0m
  &amp#27;[36mAnd &amp#27;[0m&amp#27;[36mI click login button&amp#27;[0m                         &amp#27;[90m# steps.LoginStep.iClickLoginButton()&amp#27;[0m
  &amp#27;[36mThen &amp#27;[0m&amp#27;[36mI should see the userform page&amp#27;[0m              &amp#27;[90m# steps.LoginStep.iShouldSeeTheUserformPage()&amp#27;[0m
Login with correct username and password
Closing the browser : MOCK
      &amp#27;[31mjava.lang.NullPointerException
	at steps.Hook.TearDownTest(Hook.java:49)
&amp#27;[0m
]]></system-out>
  </testcase>
  <testcase name="runScenario" classname="runner.TestRunner" time="0.03">
    <failure type="java.lang.NullPointerException">java.lang.NullPointerException
</failure>
    <system-out><![CDATA[
Scenario: Login with correct username and password to fail &amp#27;[90m# src/test/java/features/Login.feature:12&amp#27;[0m
      &amp#27;[31mjava.lang.NullPointerException
	at steps.Hook.InitializeTest(Hook.java:34)
&amp#27;[0m
  &amp#27;[36mGiven &amp#27;[0m&amp#27;[36mI navigate to the login page&amp#27;[0m                       &amp#27;[90m# steps.LoginStep.iNavigateToTheLoginPage()&amp#27;[0m
  &amp#27;[36mAnd &amp#27;[0m&amp#27;[36mI enter the following for Login&amp#27;[0m                      &amp#27;[90m# steps.LoginStep.iEnterTheFollowingForLogin(java.util.List<steps.LoginStep$User>)&amp#27;[0m
  &amp#27;[36mAnd &amp#27;[0m&amp#27;[36mI click login button&amp#27;[0m                                 &amp#27;[90m# steps.LoginStep.iClickLoginButton()&amp#27;[0m
  &amp#27;[36mThen &amp#27;[0m&amp#27;[36mI should see the userform page wrongly&amp#27;[0m              &amp#27;[90m# steps.LoginStep.iShouldSeeTheUserformPageWrongly()&amp#27;[0m
Login with correct username and password to fail
Closing the browser : MOCK
      &amp#27;[31mjava.lang.NullPointerException
	at steps.Hook.TearDownTest(Hook.java:49)
&amp#27;[0m
]]></system-out>
  </testcase>
</testsuite>